2015_1_05-10:37:25 INFO: ============================================
2015_1_05-10:37:25 INFO:          Movement of Backup files
2015_1_05-10:37:25 INFO: ============================================
2015_1_05-10:37:25 INFO: Source Folder : d:\tempbackupfiles
2015_1_05-10:37:25 INFO: Source Folder : X:\PSBackups 

2015_1_05-10:37:25 INFO: Step 1: Finding the files corresponding to last dates of the months and moving them into separate folder X:\PSBackups\enddates...
2015_1_05-10:37:25 INFO: Step 1: Done.. Please check for errors
2015_1_05-10:37:25 INFO: -----------------------------------------------------------------
2015_1_05-10:37:25 INFO: Step 2: Finding the files older than 30 days and deleting them...
2015_1_05-10:37:25 INFO: Step 2: Done.. Please check for errors
2015_1_05-10:37:25 INFO: -----------------------------------------------------------------
2015_1_05-10:37:25 INFO: Step 3: Moving the backup files from d:\tempbackupfiles to X:\PSBackups...
2015_1_05-10:37:25 INFO: Moving file D:\tempbackupfiles\backup-2013_06_21.zip to X:\PSBackups
2015_1_05-10:37:25 INFO: Moving file D:\tempbackupfiles\backup-2013_06_22.zip to X:\PSBackups
2015_1_05-10:37:25 INFO: Moving file D:\tempbackupfiles\backup-2013_09_28.zip to X:\PSBackups
2015_1_05-10:37:26 INFO: Moving file D:\tempbackupfiles\backup-2013_10_28.zip to X:\PSBackups
2015_1_05-10:37:27 INFO: Moving file D:\tempbackupfiles\backup-2013_11_28.zip to X:\PSBackups
2015_1_05-10:37:28 INFO: Moving file D:\tempbackupfiles\backup-2013_12_28.zip to X:\PSBackups
2015_1_05-10:37:29 INFO: Moving file D:\tempbackupfiles\backup-2014_01_28.zip to X:\PSBackups
2015_1_05-10:37:30 INFO: Moving file D:\tempbackupfiles\backup-2014_03_28.zip to X:\PSBackups
2015_1_05-10:37:32 INFO: Moving file D:\tempbackupfiles\backup-2014_04_28.zip to X:\PSBackups
2015_1_05-10:37:33 INFO: Moving file D:\tempbackupfiles\backup-2014_05_28.zip to X:\PSBackups
2015_1_05-10:37:35 INFO: Moving file D:\tempbackupfiles\backup-2014_06_28.zip to X:\PSBackups
2015_1_05-10:37:36 INFO: Moving file D:\tempbackupfiles\backup-2014_07_31.zip to X:\PSBackups
2015_1_05-10:37:39 INFO: Moving file D:\tempbackupfiles\backup-2014_08_31.zip to X:\PSBackups
2015_1_05-10:37:43 INFO: Moving file D:\tempbackupfiles\backup-2014_09_30.zip to X:\PSBackups
2015_1_05-10:37:47 INFO: Moving file D:\tempbackupfiles\backup-2014_10_31.zip to X:\PSBackups
2015_1_05-10:37:51 INFO: Moving file D:\tempbackupfiles\backup-2014_11_30.zip to X:\PSBackups
2015_1_05-10:37:55 INFO: Moving file D:\tempbackupfiles\backup-2014_12_06.zip to X:\PSBackups
2015_1_05-10:38:1 INFO: Moving file D:\tempbackupfiles\backup-2014_12_07.zip to X:\PSBackups
2015_1_05-10:38:7 INFO: Moving file D:\tempbackupfiles\backup-2014_12_08.zip to X:\PSBackups
2015_1_05-10:38:11 INFO: Moving file D:\tempbackupfiles\backup-2014_12_09.zip to X:\PSBackups
2015_1_05-10:38:16 INFO: Moving file D:\tempbackupfiles\backup-2014_12_10.zip to X:\PSBackups
2015_1_05-10:38:21 INFO: Moving file D:\tempbackupfiles\backup-2014_12_11.zip to X:\PSBackups
2015_1_05-10:38:25 INFO: Step 3: Done.. Please check for errors
2015_1_05-10:38:25 INFO: -----------------------------------------------------------------
2015_1_05-10:38:25 INFO: Step 4: If there are any files which belongs to last date of the months, then moving them from X:\PSBackups to X:\PSBackups\enddates
2015_1_05-10:38:25 INFO: Moving file \\it153cfs03\itapp\confluencebackups\automatedbackups\PSBackups\backup-2014_07_31.zip to X:\PSBackups\enddates
2015_1_05-10:38:25 INFO: Moving file \\it153cfs03\itapp\confluencebackups\automatedbackups\PSBackups\backup-2014_08_31.zip to X:\PSBackups\enddates
2015_1_05-10:38:25 INFO: Moving file \\it153cfs03\itapp\confluencebackups\automatedbackups\PSBackups\backup-2014_09_30.zip to X:\PSBackups\enddates
2015_1_05-10:38:25 INFO: Moving file \\it153cfs03\itapp\confluencebackups\automatedbackups\PSBackups\backup-2014_10_31.zip to X:\PSBackups\enddates
2015_1_05-10:38:25 INFO: Moving file \\it153cfs03\itapp\confluencebackups\automatedbackups\PSBackups\backup-2014_11_30.zip to X:\PSBackups\enddates
2015_1_05-10:38:25 INFO: Step 4: Done.. Please check for errors
2015_1_05-10:38:25 INFO: -----------------------------------------------------------------
2015_1_05-10:38:25 INFO: Completed!!!
