2014_12_22-5:4:41 INFO: ============================================
2014_12_22-5:4:41 INFO:          Movement of Backup files
2014_12_22-5:4:41 INFO: ============================================
2014_12_22-5:4:41 INFO: Source Folder : d:\tempbackupfiles
2014_12_22-5:4:41 INFO: Source Folder : X:\PSBackups 

2014_12_22-5:4:41 INFO: Step 1: Finding the files corresponding to last dates of the months and moving them into separate folder X:\PSBackups\enddates...
2014_12_22-5:4:41 INFO: Step 1: Done.. Please check for errors
2014_12_22-5:4:41 INFO: -----------------------------------------------------------------
2014_12_22-5:4:41 INFO: Step 2: Finding the files older than 30 days and deleting them...
2014_12_22-5:4:41 INFO: Step 2: Done.. Please check for errors
2014_12_22-5:4:41 INFO: -----------------------------------------------------------------
2014_12_22-5:4:41 INFO: Step 3: Moving the backup files from d:\tempbackupfiles to X:\PSBackups...
2014_12_22-5:4:41 INFO: Moving file D:\tempbackupfiles\backup-2013_06_21.zip to X:\PSBackups
2014_12_22-5:4:42 INFO: Moving file D:\tempbackupfiles\backup-2013_06_22.zip to X:\PSBackups
2014_12_22-5:4:42 INFO: Moving file D:\tempbackupfiles\backup-2013_09_28.zip to X:\PSBackups
2014_12_22-5:4:43 INFO: Moving file D:\tempbackupfiles\backup-2013_10_28.zip to X:\PSBackups
2014_12_22-5:4:44 INFO: Moving file D:\tempbackupfiles\backup-2013_11_28.zip to X:\PSBackups
2014_12_22-5:4:44 INFO: Moving file D:\tempbackupfiles\backup-2013_12_28.zip to X:\PSBackups
2014_12_22-5:4:45 INFO: Moving file D:\tempbackupfiles\backup-2014_01_28.zip to X:\PSBackups
2014_12_22-5:4:47 INFO: Moving file D:\tempbackupfiles\backup-2014_03_28.zip to X:\PSBackups
2014_12_22-5:4:49 INFO: Moving file D:\tempbackupfiles\backup-2014_04_28.zip to X:\PSBackups
2014_12_22-5:4:50 INFO: Moving file D:\tempbackupfiles\backup-2014_05_28.zip to X:\PSBackups
2014_12_22-5:4:52 INFO: Moving file D:\tempbackupfiles\backup-2014_06_28.zip to X:\PSBackups
2014_12_22-5:4:54 INFO: Moving file D:\tempbackupfiles\backup-2014_07_31.zip to X:\PSBackups
2014_12_22-5:4:57 INFO: Moving file D:\tempbackupfiles\backup-2014_08_31.zip to X:\PSBackups
2014_12_22-5:5:0 INFO: Moving file D:\tempbackupfiles\backup-2014_09_30.zip to X:\PSBackups
2014_12_22-5:5:4 INFO: Moving file D:\tempbackupfiles\backup-2014_10_31.zip to X:\PSBackups
2014_12_22-5:5:8 INFO: Moving file D:\tempbackupfiles\backup-2014_11_30.zip to X:\PSBackups
2014_12_22-5:5:12 INFO: Moving file D:\tempbackupfiles\backup-2014_12_06.zip to X:\PSBackups
2014_12_22-5:5:17 INFO: Moving file D:\tempbackupfiles\backup-2014_12_07.zip to X:\PSBackups
2014_12_22-5:5:21 INFO: Moving file D:\tempbackupfiles\backup-2014_12_08.zip to X:\PSBackups
2014_12_22-5:5:25 INFO: Moving file D:\tempbackupfiles\backup-2014_12_09.zip to X:\PSBackups
2014_12_22-5:5:29 INFO: Moving file D:\tempbackupfiles\backup-2014_12_10.zip to X:\PSBackups
2014_12_22-5:5:34 INFO: Moving file D:\tempbackupfiles\backup-2014_12_11.zip to X:\PSBackups
2014_12_22-5:5:38 INFO: Step 3: Done.. Please check for errors
2014_12_22-5:5:38 INFO: -----------------------------------------------------------------
2014_12_22-5:5:38 INFO: Step 4: If there are any files which belongs to last date of the months, then moving them from X:\PSBackups to X:\PSBackups\enddates
2014_12_22-5:5:38 INFO: Moving file \\it153cfs03\itapp\confluencebackups\automatedbackups\PSBackups\backup-2014_07_31.zip to X:\PSBackups\enddates
2014_12_22-5:5:38 INFO: Moving file \\it153cfs03\itapp\confluencebackups\automatedbackups\PSBackups\backup-2014_08_31.zip to X:\PSBackups\enddates
2014_12_22-5:5:38 INFO: Moving file \\it153cfs03\itapp\confluencebackups\automatedbackups\PSBackups\backup-2014_09_30.zip to X:\PSBackups\enddates
2014_12_22-5:5:38 INFO: Moving file \\it153cfs03\itapp\confluencebackups\automatedbackups\PSBackups\backup-2014_10_31.zip to X:\PSBackups\enddates
2014_12_22-5:5:38 INFO: Moving file \\it153cfs03\itapp\confluencebackups\automatedbackups\PSBackups\backup-2014_11_30.zip to X:\PSBackups\enddates
2014_12_22-5:5:38 INFO: Step 4: Done.. Please check for errors
2014_12_22-5:5:38 INFO: -----------------------------------------------------------------
2014_12_22-5:5:38 INFO: Completed!!!
